\BOOKMARK [1][-]{section.1}{La programmation par contraintes}{}% 1
\BOOKMARK [1][-]{section.2}{Connexion et Inscription}{}% 2
\BOOKMARK [1][-]{section.3}{Page des projets}{}% 3
\BOOKMARK [1][-]{section.4}{Page principale}{}% 4
\BOOKMARK [2][-]{subsection.4.1}{Les attributions}{section.4}% 5
\BOOKMARK [2][-]{subsection.4.2}{Semainier}{section.4}% 6
\BOOKMARK [2][-]{subsection.4.3}{Notifications}{section.4}% 7
\BOOKMARK [2][-]{subsection.4.4}{Les filtres}{section.4}% 8
\BOOKMARK [2][-]{subsection.4.5}{Les instances}{section.4}% 9
\BOOKMARK [2][-]{subsection.4.6}{Le solveur}{section.4}% 10
\BOOKMARK [2][-]{subsection.4.7}{M\351moire cache}{section.4}% 11
\BOOKMARK [1][-]{section.5}{R\351flexion autour de l'application}{}% 12
\BOOKMARK [2][-]{subsection.5.1}{Client/Serveur}{section.5}% 13
\BOOKMARK [2][-]{subsection.5.2}{Java}{section.5}% 14
\BOOKMARK [2][-]{subsection.5.3}{Google Web Toolkit \(GWT\)}{section.5}% 15
\BOOKMARK [2][-]{subsection.5.4}{Hibernate}{section.5}% 16
\BOOKMARK [2][-]{subsection.5.5}{Solveur}{section.5}% 17
\BOOKMARK [2][-]{subsection.5.6}{GitHub}{section.5}% 18
\BOOKMARK [1][-]{section.6}{Les outils partie cliente}{}% 19
\BOOKMARK [2][-]{subsection.6.1}{Google web toolkit \(GWT\)}{section.6}% 20
\BOOKMARK [3][-]{subsubsection.6.1.1}{Pr\351sentation}{subsection.6.1}% 21
\BOOKMARK [3][-]{subsubsection.6.1.2}{Principe de fonctionnement}{subsection.6.1}% 22
\BOOKMARK [3][-]{subsubsection.6.1.3}{Mode de fonctionnement}{subsection.6.1}% 23
\BOOKMARK [3][-]{subsubsection.6.1.4}{Architecture GWT}{subsection.6.1}% 24
\BOOKMARK [3][-]{subsubsection.6.1.5}{Ev\351nement}{subsection.6.1}% 25
\BOOKMARK [3][-]{subsubsection.6.1.6}{Actions}{subsection.6.1}% 26
\BOOKMARK [3][-]{subsubsection.6.1.7}{Exemple d'un projet GWT}{subsection.6.1}% 27
\BOOKMARK [2][-]{subsection.6.2}{Avantages}{section.6}% 28
\BOOKMARK [3][-]{subsubsection.6.2.1}{Debbugage}{subsection.6.2}% 29
\BOOKMARK [3][-]{subsubsection.6.2.2}{Optimisation}{subsection.6.2}% 30
\BOOKMARK [3][-]{subsubsection.6.2.3}{Liste pr\351d\351fini de composant}{subsection.6.2}% 31
\BOOKMARK [3][-]{subsubsection.6.2.4}{JSNI \(javascript native interface\)}{subsection.6.2}% 32
\BOOKMARK [3][-]{subsubsection.6.2.5}{Internationalisation}{subsection.6.2}% 33
\BOOKMARK [3][-]{subsubsection.6.2.6}{Inconv\351nients}{subsection.6.2}% 34
\BOOKMARK [3][-]{subsubsection.6.2.7}{GWT - Plateform}{subsection.6.2}% 35
\BOOKMARK [3][-]{subsubsection.6.2.8}{Pr\351sentation}{subsection.6.2}% 36
\BOOKMARK [3][-]{subsubsection.6.2.9}{Le model View Presenter}{subsection.6.2}% 37
\BOOKMARK [2][-]{subsection.6.3}{Libraire externe}{section.6}% 38
\BOOKMARK [3][-]{subsubsection.6.3.1}{GWT-dnd}{subsection.6.3}% 39
\BOOKMARK [3][-]{subsubsection.6.3.2}{Smart-GWT}{subsection.6.3}% 40
\BOOKMARK [2][-]{subsection.6.4}{Local Storage}{section.6}% 41
\BOOKMARK [3][-]{subsubsection.6.4.1}{Principe}{subsection.6.4}% 42
\BOOKMARK [3][-]{subsubsection.6.4.2}{Utilisation dans notre application}{subsection.6.4}% 43
\BOOKMARK [1][-]{section.7}{Les outils partie serveur}{}% 44
\BOOKMARK [2][-]{subsection.7.1}{Java EE}{section.7}% 45
\BOOKMARK [2][-]{subsection.7.2}{Hibernate}{section.7}% 46
\BOOKMARK [1][-]{section.8}{Les outils client/serveur}{}% 47
\BOOKMARK [1][-]{section.9}{Structure du code}{}% 48
\BOOKMARK [1][-]{section.10}{La base de donn\351es}{}% 49
\BOOKMARK [1][-]{section.11}{Solveur}{}% 50
\BOOKMARK [2][-]{subsection.11.1}{Rappels th\351orique}{section.11}% 51
\BOOKMARK [3][-]{subsubsection.11.1.1}{Choix de librairies}{subsection.11.1}% 52
\BOOKMARK [1][-]{section.12}{Discussions}{}% 53
\BOOKMARK [2][-]{subsection.12.1}{Choix concernant la performance}{section.12}% 54
\BOOKMARK [2][-]{subsection.12.2}{Choix concernant la s\351curit\351}{section.12}% 55
\BOOKMARK [1][-]{section.13}{M\351thodologie}{}% 56
\BOOKMARK [2][-]{subsection.13.1}{GIT et partage des donn\351es}{section.13}% 57
\BOOKMARK [2][-]{subsection.13.2}{Logiciel de suivi de probl\350me}{section.13}% 58
\BOOKMARK [2][-]{subsection.13.3}{M\351thodologie de conception}{section.13}% 59
\BOOKMARK [1][-]{section.14}{Am\351lioration future}{}% 60
\BOOKMARK [2][-]{subsection.14.1}{Possibilit\351s d'am\351lioration du programme}{section.14}% 61
\BOOKMARK [3][-]{subsubsection.14.1.1}{mode comparaison}{subsection.14.1}% 62
\BOOKMARK [3][-]{subsubsection.14.1.2}{solveur}{subsection.14.1}% 63
\BOOKMARK [3][-]{subsubsection.14.1.3}{droits}{subsection.14.1}% 64
\BOOKMARK [3][-]{subsubsection.14.1.4}{mode hors ligne}{subsection.14.1}% 65
\BOOKMARK [3][-]{subsubsection.14.1.5}{upload \340 partir d'une bdd}{subsection.14.1}% 66
\BOOKMARK [3][-]{subsubsection.14.1.6}{modifications de donn\351es}{subsection.14.1}% 67
\BOOKMARK [1][-]{section.15}{Recommandation}{}% 68
\BOOKMARK [1][-]{section.16}{Conclusion}{}% 69
\BOOKMARK [1][-]{section.16}{R\351f\351rences}{}% 70
