\BOOKMARK [1][-]{chapter*.1}{R\351sum\351}{}
\BOOKMARK [1][-]{chapter*.1}{Remerciements}{}
\BOOKMARK [1][-]{chapter*.2}{Table des mati\350res}{}
\BOOKMARK [0][-]{chapter*.3}{Introduction}{}
\BOOKMARK [0][-]{chapter.1}{Analyse de la probl\351matique et outils existants}{}
\BOOKMARK [1][-]{section.1.1}{La programmation par contraintes}{chapter.1}
\BOOKMARK [0][-]{chapter.2}{Pr\351sentation de l'application}{}
\BOOKMARK [1][-]{section.2.1}{Connexion et Inscription}{chapter.2}
\BOOKMARK [1][-]{section.2.2}{Page des projets}{chapter.2}
\BOOKMARK [1][-]{section.2.3}{Page principale}{chapter.2}
\BOOKMARK [2][-]{subsection.2.3.1}{Les attributions}{section.2.3}
\BOOKMARK [2][-]{subsection.2.3.2}{Semainier}{section.2.3}
\BOOKMARK [2][-]{subsection.2.3.3}{Notifications}{section.2.3}
\BOOKMARK [2][-]{subsection.2.3.4}{Les filtres}{section.2.3}
\BOOKMARK [2][-]{subsection.2.3.5}{Les instances}{section.2.3}
\BOOKMARK [2][-]{subsection.2.3.6}{Le solveur}{section.2.3}
\BOOKMARK [2][-]{subsection.2.3.7}{M\351moire cache}{section.2.3}
\BOOKMARK [0][-]{chapter.3}{R\351flexion autour de l'application}{}
\BOOKMARK [1][-]{section.3.1}{Client/Serveur}{chapter.3}
\BOOKMARK [1][-]{section.3.2}{Java}{chapter.3}
\BOOKMARK [1][-]{section.3.3}{Google Web Toolkit \(GWT\)}{chapter.3}
\BOOKMARK [1][-]{section.3.4}{HTML5, CSS3}{chapter.3}
\BOOKMARK [1][-]{section.3.5}{Hibernate}{chapter.3}
\BOOKMARK [1][-]{section.3.6}{Solveur}{chapter.3}
\BOOKMARK [1][-]{section.3.7}{GitHub}{chapter.3}
\BOOKMARK [0][-]{chapter.4}{Les outils partie cliente}{}
\BOOKMARK [1][-]{section.4.1}{Google web toolkit \(GWT\)}{chapter.4}
\BOOKMARK [2][-]{subsection.4.1.1}{Pr\351sentation}{section.4.1}
\BOOKMARK [2][-]{subsection.4.1.2}{Principe de fonctionnement}{section.4.1}
\BOOKMARK [2][-]{subsection.4.1.3}{Mode de fonctionnement}{section.4.1}
\BOOKMARK [2][-]{subsection.4.1.4}{Architecture GWT}{section.4.1}
\BOOKMARK [2][-]{subsection.4.1.5}{Avantages}{section.4.1}
\BOOKMARK [2][-]{subsection.4.1.6}{Inconv\351nients}{section.4.1}
\BOOKMARK [1][-]{section.4.2}{GWT-Designer}{chapter.4}
\BOOKMARK [1][-]{section.4.3}{GWT - Plateform}{chapter.4}
\BOOKMARK [2][-]{subsection.4.3.1}{Pr\351sentation}{section.4.3}
\BOOKMARK [2][-]{subsection.4.3.2}{Le model View Presenter}{section.4.3}
\BOOKMARK [1][-]{section.4.4}{Libraire externe}{chapter.4}
\BOOKMARK [2][-]{subsection.4.4.1}{GWT-dnd}{section.4.4}
\BOOKMARK [2][-]{subsection.4.4.2}{Smart-GWT}{section.4.4}
\BOOKMARK [1][-]{section.4.5}{Les langages web}{chapter.4}
\BOOKMARK [2][-]{subsection.4.5.1}{HTML5}{section.4.5}
\BOOKMARK [2][-]{subsection.4.5.2}{CSS3}{section.4.5}
\BOOKMARK [2][-]{subsection.4.5.3}{JavaScript}{section.4.5}
\BOOKMARK [1][-]{section.4.6}{Local Storage \(LS\)}{chapter.4}
\BOOKMARK [2][-]{subsection.4.6.1}{Local Storage vs Cookies}{section.4.6}
\BOOKMARK [2][-]{subsection.4.6.2}{Principe}{section.4.6}
\BOOKMARK [2][-]{subsection.4.6.3}{Utilisation dans notre application}{section.4.6}
\BOOKMARK [0][-]{chapter.5}{Les outils partie serveur}{}
\BOOKMARK [1][-]{section.5.1}{Java EE}{chapter.5}
\BOOKMARK [1][-]{section.5.2}{Hibernate}{chapter.5}
\BOOKMARK [0][-]{chapter.6}{Les outils client/serveur}{}
\BOOKMARK [0][-]{chapter.7}{Structure du code}{}
\BOOKMARK [0][-]{chapter.8}{La base de donn\351es}{}
\BOOKMARK [0][-]{chapter.9}{Solveur}{}
\BOOKMARK [1][-]{section.9.1}{Rappels th\351orique}{chapter.9}
\BOOKMARK [2][-]{subsection.9.1.1}{Choix de librairies}{section.9.1}
\BOOKMARK [0][-]{chapter.10}{Discussions}{}
\BOOKMARK [1][-]{section.10.1}{Choix concernant la performance}{chapter.10}
\BOOKMARK [1][-]{section.10.2}{Choix concernant la s\351curit\351}{chapter.10}
\BOOKMARK [0][-]{chapter.11}{M\351thodologie}{}
\BOOKMARK [1][-]{section.11.1}{GIT et partage des donn\351es}{chapter.11}
\BOOKMARK [1][-]{section.11.2}{Logiciel de suivi de probl\350me}{chapter.11}
\BOOKMARK [1][-]{section.11.3}{M\351thodologie de conception}{chapter.11}
\BOOKMARK [0][-]{chapter.12}{Am\351lioration future}{}
\BOOKMARK [1][-]{section.12.1}{Possibilit\351s d'am\351lioration du programme}{chapter.12}
\BOOKMARK [2][-]{subsection.12.1.1}{mode comparaison}{section.12.1}
\BOOKMARK [2][-]{subsection.12.1.2}{solveur}{section.12.1}
\BOOKMARK [2][-]{subsection.12.1.3}{droits}{section.12.1}
\BOOKMARK [2][-]{subsection.12.1.4}{mode hors ligne}{section.12.1}
\BOOKMARK [2][-]{subsection.12.1.5}{upload \340 partir d'une bdd}{section.12.1}
\BOOKMARK [2][-]{subsection.12.1.6}{modifications de donn\351es}{section.12.1}
\BOOKMARK [0][-]{chapter.13}{Recommandation}{}
\BOOKMARK [0][-]{chapter.13}{Conclusion}{}
